<?xml version="1.0" encoding="UTF-8"?>
<testsuites name="Mocha Tests" time="38.045" tests="1" failures="0">
  <testsuite name="Root Suite" timestamp="2023-06-13T17:05:34" tests="0" file="cypress\e2e\spec.cy.js" time="0.000" failures="0">
  </testsuite>
  <testsuite name="TestSuite" timestamp="2023-06-13T17:05:34" tests="1" time="37.925" failures="0">
    <testcase name="TestSuite Verifying the Home page URL" time="30.777" classname="Verifying the Home page URL">
    </testcase>
  </testsuite>
</testsuites>